Started GET "/" for 127.0.0.1 at 2022-10-25 22:18:34 -0400
Processing by Rails::WelcomeController#index as HTML
  Rendering /var/lib/gems/3.0.0/gems/railties-7.0.4/lib/rails/templates/rails/welcome/index.html.erb
  Rendered /var/lib/gems/3.0.0/gems/railties-7.0.4/lib/rails/templates/rails/welcome/index.html.erb (Duration: 23.1ms | Allocations: 830)
Completed 200 OK in 87ms (Views: 41.9ms | ActiveRecord: 0.0ms | Allocations: 7791)


Started GET "/" for 127.0.0.1 at 2022-10-25 22:25:39 -0400
Processing by Rails::WelcomeController#index as HTML
  Rendering /var/lib/gems/3.0.0/gems/railties-7.0.4/lib/rails/templates/rails/welcome/index.html.erb
  Rendered /var/lib/gems/3.0.0/gems/railties-7.0.4/lib/rails/templates/rails/welcome/index.html.erb (Duration: 1.0ms | Allocations: 387)
Completed 200 OK in 61ms (Views: 43.0ms | Allocations: 1826)


Started GET "/" for 127.0.0.1 at 2022-10-25 22:26:04 -0400
Processing by Rails::WelcomeController#index as HTML
  Rendering /var/lib/gems/3.0.0/gems/railties-7.0.4/lib/rails/templates/rails/welcome/index.html.erb
  Rendered /var/lib/gems/3.0.0/gems/railties-7.0.4/lib/rails/templates/rails/welcome/index.html.erb (Duration: 0.6ms | Allocations: 388)
Completed 200 OK in 4ms (Views: 2.5ms | Allocations: 1819)


Started GET "/" for 127.0.0.1 at 2022-10-25 22:26:05 -0400
Processing by Rails::WelcomeController#index as HTML
  Rendering /var/lib/gems/3.0.0/gems/railties-7.0.4/lib/rails/templates/rails/welcome/index.html.erb
  Rendered /var/lib/gems/3.0.0/gems/railties-7.0.4/lib/rails/templates/rails/welcome/index.html.erb (Duration: 0.1ms | Allocations: 16)
Completed 200 OK in 3ms (Views: 2.2ms | Allocations: 729)


Started GET "/" for 127.0.0.1 at 2022-10-25 22:26:18 -0400
Processing by Rails::WelcomeController#index as HTML
  Rendering /var/lib/gems/3.0.0/gems/railties-7.0.4/lib/rails/templates/rails/welcome/index.html.erb
  Rendered /var/lib/gems/3.0.0/gems/railties-7.0.4/lib/rails/templates/rails/welcome/index.html.erb (Duration: 1.6ms | Allocations: 725)
Completed 200 OK in 38ms (Views: 27.8ms | ActiveRecord: 0.0ms | Allocations: 6944)


Started GET "/" for 127.0.0.1 at 2022-10-25 22:26:33 -0400
Processing by Rails::WelcomeController#index as HTML
  Rendering /var/lib/gems/3.0.0/gems/railties-7.0.4/lib/rails/templates/rails/welcome/index.html.erb
  Rendered /var/lib/gems/3.0.0/gems/railties-7.0.4/lib/rails/templates/rails/welcome/index.html.erb (Duration: 0.9ms | Allocations: 388)
Completed 200 OK in 4ms (Views: 2.7ms | ActiveRecord: 0.0ms | Allocations: 1840)


Started GET "/" for 127.0.0.1 at 2022-10-25 22:28:00 -0400
Processing by HomeController#index as HTML
  Rendering layout layouts/application.html.erb
  Rendering home/index.html.erb within layouts/application
  Rendered home/index.html.erb within layouts/application (Duration: 0.6ms | Allocations: 201)
  Rendered layout layouts/application.html.erb (Duration: 15258.9ms | Allocations: 606132)
Completed 200 OK in 15262ms (Views: 15260.3ms | Allocations: 607844)


  
ActionController::RoutingError (No route matches [GET] "/assets/pspdfkit-lib/chunk-standalone-f4b232ea70ea5b02.js"):
  
  
ActionController::RoutingError (No route matches [GET] "/assets/pspdfkit-lib/chunk-6401-273b9d715c058bff.js"):
  
Started GET "/" for 127.0.0.1 at 2022-10-25 22:29:21 -0400
Processing by HomeController#index as HTML
  Rendering layout layouts/application.html.erb
  Rendering home/index.html.erb within layouts/application
  Rendered home/index.html.erb within layouts/application (Duration: 0.0ms | Allocations: 7)
  Rendered layout layouts/application.html.erb (Duration: 750.9ms | Allocations: 257197)
Completed 200 OK in 766ms (Views: 751.9ms | Allocations: 257977)


Started GET "/change_pdf/assets/pspdfkit-lib/chunk-6401-273b9d715c058bff.js" for 127.0.0.1 at 2022-10-25 22:29:24 -0400
  
ActionController::RoutingError (No route matches [GET] "/change_pdf/assets/pspdfkit-lib/chunk-6401-273b9d715c058bff.js"):
  
Started GET "/change_pdf/assets/pspdfkit-lib/chunk-standalone-f4b232ea70ea5b02.js" for 127.0.0.1 at 2022-10-25 22:29:25 -0400
  
ActionController::RoutingError (No route matches [GET] "/change_pdf/assets/pspdfkit-lib/chunk-standalone-f4b232ea70ea5b02.js"):
  
Started GET "/" for 127.0.0.1 at 2022-10-25 22:29:48 -0400
Processing by HomeController#index as HTML
  Rendering layout layouts/application.html.erb
  Rendering home/index.html.erb within layouts/application
  Rendered home/index.html.erb within layouts/application (Duration: 0.0ms | Allocations: 7)
  Rendered layout layouts/application.html.erb (Duration: 212.8ms | Allocations: 256436)
Completed 200 OK in 215ms (Views: 213.5ms | Allocations: 257178)


Started GET "/design.pdf" for 127.0.0.1 at 2022-10-25 22:29:52 -0400
  
ActionController::RoutingError (No route matches [GET] "/design.pdf"):
  
Started GET "/" for 127.0.0.1 at 2022-10-25 22:30:46 -0400
Processing by HomeController#index as HTML
  Rendering layout layouts/application.html.erb
  Rendering home/index.html.erb within layouts/application
  Rendered home/index.html.erb within layouts/application (Duration: 0.1ms | Allocations: 7)
  Rendered layout layouts/application.html.erb (Duration: 2785.2ms | Allocations: 255841)
Completed 200 OK in 2788ms (Views: 2786.0ms | Allocations: 256579)


Started GET "/design.pdf" for 127.0.0.1 at 2022-10-25 22:30:51 -0400
  
ActionController::RoutingError (No route matches [GET] "/design.pdf"):
  
Started GET "/" for 127.0.0.1 at 2022-10-25 22:34:17 -0400
Processing by HomeController#index as HTML
  Rendering layout layouts/application.html.erb
  Rendering home/index.html.erb within layouts/application
  Rendered home/index.html.erb within layouts/application (Duration: 0.1ms | Allocations: 7)
  Rendered layout layouts/application.html.erb (Duration: 331.5ms | Allocations: 257370)
Completed 200 OK in 334ms (Views: 332.4ms | Allocations: 258108)


  
ActionController::RoutingError (No route matches [GET] "/assets/design.pdf"):
  
Started GET "/public/" for 127.0.0.1 at 2022-10-25 22:36:05 -0400
  
ActionController::RoutingError (No route matches [GET] "/public"):
  
Started GET "/public/404.html" for 127.0.0.1 at 2022-10-25 22:36:24 -0400
  
ActionController::RoutingError (No route matches [GET] "/public/404.html"):
  
Started GET "/public/404.html" for 127.0.0.1 at 2022-10-25 22:38:04 -0400
  
ActionController::RoutingError (No route matches [GET] "/public/404.html"):
  
Started GET "/public/404.html" for 127.0.0.1 at 2022-10-25 22:38:23 -0400
  
ActionController::RoutingError (No route matches [GET] "/public/404.html"):
  
Started GET "/" for 127.0.0.1 at 2022-10-25 22:38:28 -0400
Processing by HomeController#index as HTML
  Rendering layout layouts/application.html.erb
  Rendering home/index.html.erb within layouts/application
  Rendered home/index.html.erb within layouts/application (Duration: 7.4ms | Allocations: 203)
  Rendered layout layouts/application.html.erb (Duration: 18658.5ms | Allocations: 704310)
Completed 200 OK in 18682ms (Views: 18660.4ms | ActiveRecord: 0.0ms | Allocations: 708671)


Started GET "/design.pdf" for 127.0.0.1 at 2022-10-25 22:38:49 -0400
  
ActionController::RoutingError (No route matches [GET] "/design.pdf"):
  
Started GET "/" for 127.0.0.1 at 2022-10-25 22:41:24 -0400
Processing by HomeController#index as HTML
  Rendering layout layouts/application.html.erb
  Rendering home/index.html.erb within layouts/application
  Rendered home/index.html.erb within layouts/application (Duration: 14.0ms | Allocations: 519)
  Rendered layout layouts/application.html.erb (Duration: 4653.9ms | Allocations: 387481)
Completed 200 OK in 4726ms (Views: 4673.8ms | ActiveRecord: 0.0ms | Allocations: 393854)


